warn: Microsoft.AspNetCore.DataProtection.Repositories.EphemeralXmlRepository[50]
      Using an in-memory repository. Keys will not be persisted to storage.
warn: Microsoft.AspNetCore.DataProtection.KeyManagement.XmlKeyManager[59]
      Neither user profile nor HKLM registry available. Using an ephemeral key repository. Protected data will be unavailable when application exits.
warn: Microsoft.AspNetCore.DataProtection.KeyManagement.XmlKeyManager[35]
      No XML encryptor configured. Key {2af08119-2ee7-4db3-add2-dcef96266c36} may be persisted to storage in unencrypted form.
Hosting environment: Production
Content root path: C:\WebApps\MMPublish
Now listening on: http://localhost:2482
Application started. Press Ctrl+C to shut down.
fail: Microsoft.AspNetCore.Server.IISIntegration.IISMiddleware[0]
      'MS-ASPNETCORE-TOKEN' does not match the expected pairing token 'd5bb8ab1-ec64-4ec9-b481-07f10efd2189', request rejected.
fail: Microsoft.AspNetCore.Server.IISIntegration.IISMiddleware[0]
      'MS-ASPNETCORE-TOKEN' does not match the expected pairing token 'd5bb8ab1-ec64-4ec9-b481-07f10efd2189', request rejected.
fail: Microsoft.AspNetCore.Server.IISIntegration.IISMiddleware[0]
      'MS-ASPNETCORE-TOKEN' does not match the expected pairing token 'd5bb8ab1-ec64-4ec9-b481-07f10efd2189', request rejected.
fail: Microsoft.AspNetCore.Server.IISIntegration.IISMiddleware[0]
      'MS-ASPNETCORE-TOKEN' does not match the expected pairing token 'd5bb8ab1-ec64-4ec9-b481-07f10efd2189', request rejected.
fail: Microsoft.AspNetCore.Server.IISIntegration.IISMiddleware[0]
      'MS-ASPNETCORE-TOKEN' does not match the expected pairing token 'd5bb8ab1-ec64-4ec9-b481-07f10efd2189', request rejected.
fail: Microsoft.AspNetCore.Server.IISIntegration.IISMiddleware[0]
      'MS-ASPNETCORE-TOKEN' does not match the expected pairing token 'd5bb8ab1-ec64-4ec9-b481-07f10efd2189', request rejected.
fail: Microsoft.AspNetCore.Server.IISIntegration.IISMiddleware[0]
      'MS-ASPNETCORE-TOKEN' does not match the expected pairing token 'd5bb8ab1-ec64-4ec9-b481-07f10efd2189', request rejected.
Application is shutting down...
